f:\#work from college\оаип\labs\курсач_графы_алгоритм_дейкстры\kursach\x64\debug\vc142.pdb
f:\#work from college\оаип\labs\курсач_графы_алгоритм_дейкстры\kursach\x64\debug\.netframework,version=v4.7.2.assemblyattributes.obj
f:\#work from college\оаип\labs\курсач_графы_алгоритм_дейкстры\kursach\x64\debug\secondformforgraph.obj
f:\#work from college\оаип\labs\курсач_графы_алгоритм_дейкстры\kursach\x64\debug\registrationform.obj
f:\#work from college\оаип\labs\курсач_графы_алгоритм_дейкстры\kursach\x64\debug\kursach.registrationform.resources
f:\#work from college\оаип\labs\курсач_графы_алгоритм_дейкстры\kursach\x64\debug\kursach.secondformforgraph.resources
f:\#work from college\оаип\labs\курсач_графы_алгоритм_дейкстры\kursach\x64\debug\kursach.vcxproj.generateresource.cache
f:\#work from college\оаип\labs\курсач_графы_алгоритм_дейкстры\x64\debug\kursach.pdb
f:\#work from college\оаип\labs\курсач_графы_алгоритм_дейкстры\kursach\x64\debug\kursach.tlog\cl.command.1.tlog
f:\#work from college\оаип\labs\курсач_графы_алгоритм_дейкстры\kursach\x64\debug\kursach.tlog\cl.read.1.tlog
f:\#work from college\оаип\labs\курсач_графы_алгоритм_дейкстры\kursach\x64\debug\kursach.tlog\cl.write.1.tlog
f:\#work from college\оаип\labs\курсач_графы_алгоритм_дейкстры\kursach\x64\debug\kursach.tlog\kursach.write.1u.tlog
f:\#work from college\оаип\labs\курсач_графы_алгоритм_дейкстры\kursach\x64\debug\kursach.tlog\link.18500-cvtres.read.1.tlog
f:\#work from college\оаип\labs\курсач_графы_алгоритм_дейкстры\kursach\x64\debug\kursach.tlog\link.18500-cvtres.write.1.tlog
f:\#work from college\оаип\labs\курсач_графы_алгоритм_дейкстры\kursach\x64\debug\kursach.tlog\link.18500-rc.read.1.tlog
f:\#work from college\оаип\labs\курсач_графы_алгоритм_дейкстры\kursach\x64\debug\kursach.tlog\link.18500-rc.write.1.tlog
f:\#work from college\оаип\labs\курсач_графы_алгоритм_дейкстры\kursach\x64\debug\kursach.tlog\link.18500.read.1.tlog
f:\#work from college\оаип\labs\курсач_графы_алгоритм_дейкстры\kursach\x64\debug\kursach.tlog\link.18500.write.1.tlog
f:\#work from college\оаип\labs\курсач_графы_алгоритм_дейкстры\kursach\x64\debug\kursach.tlog\link.command.1.tlog
f:\#work from college\оаип\labs\курсач_графы_алгоритм_дейкстры\kursach\x64\debug\kursach.tlog\link.read.1.tlog
f:\#work from college\оаип\labs\курсач_графы_алгоритм_дейкстры\kursach\x64\debug\kursach.tlog\link.write.1.tlog
f:\#work from college\оаип\labs\курсач_графы_алгоритм_дейкстры\kursach\x64\debug\kursach.tlog\metagen.read.1.tlog
f:\#work from college\оаип\labs\курсач_графы_алгоритм_дейкстры\kursach\x64\debug\kursach.tlog\metagen.write.1.tlog
